Exit code = 0 | Success | Sun Dec  5 04:20:57 AM CET 2021 | AUR packages update has completed.
Exit code = 0 | Success | Mon Dec  6 07:08:59 AM CET 2021 | AUR packages update has completed.
Exit code = 0 | Success | Tue Dec  7 06:54:00 AM CET 2021 | AUR packages update has completed.
Exit code = 1 | Catchall for general errors | Wed Dec  8 09:02:49 AM CET 2021 | AUR packages update has completed.
Exit code = 0 | Success | Wed Dec  8 09:18:40 AM CET 2021 | AUR packages update has completed.
Exit code = 1 | Catchall for general errors | Thu Dec  9 05:29:10 AM CET 2021 | AUR packages update has completed.
Exit code = 0 | Success | Fri Dec 10 06:39:21 AM CET 2021 | AUR packages update has completed.
Exit code = 0 | Success | Sat Dec 11 09:20:54 AM CET 2021 | AUR packages update has completed.
Exit code = 0 | Success | Sun Dec 12 04:40:52 AM CET 2021 | AUR packages update has completed.
Exit code = 0 | Success | Mon Dec 13 08:00:38 AM CET 2021 | AUR packages update has completed.
Exit code = 0 | Success | Tue Dec 14 07:52:41 AM CET 2021 | AUR packages update has completed.
Success | Tue Dec 14 02:42:52 PM CET 2021 | Exit code = 0 | AUR packages update has completed.
Catchall for general errors | Wed Dec 15 06:58:36 AM CET 2021 | Exit code = 1 | AUR packages update has completed.
Success | Wed Dec 15 07:30:20 AM CET 2021 | Exit code = 0 | AUR packages update has completed.
Catchall for general errors | Thu Dec 16 08:06:40 AM CET 2021 | Exit code = 1 | AUR packages update has completed.
Success | Thu Dec 16 08:34:13 AM CET 2021 | Exit code = 0 | AUR packages update has completed.
Success | Fri Dec 17 06:56:55 AM CET 2021 | Exit code = 0 | AUR packages update has completed.
Success | Sat Dec 18 05:26:32 AM CET 2021 | Exit code = 0 | AUR packages update has completed.
Catchall for general errors | Tue Dec 21 08:23:49 AM CET 2021 | Exit code = 1 | AUR packages update has completed.
Success | Tue Dec 21 08:27:29 AM CET 2021 | Exit code = 0 | AUR packages update has completed.
Catchall for general errors | Wed Dec 22 05:39:28 AM CET 2021 | Exit code = 1 | AUR packages update has completed.
Success | Wed Dec 22 05:46:14 AM CET 2021 | Exit code = 0 | AUR packages update has completed.
Success | Thu Dec 23 06:11:26 AM CET 2021 | Exit code = 0 | AUR packages update has completed.
Success | Fri Dec 24 06:28:25 AM CET 2021 | Exit code = 0 | AUR packages update has completed.
Success | Sat Dec 25 05:15:58 AM CET 2021 | Exit code = 0 | AUR packages update has completed.
Success | Sun Dec 26 01:21:31 AM CET 2021 | Exit code = 0 | AUR packages update has completed.
Catchall for general errors | Mon Dec 27 06:09:16 AM CET 2021 | Exit code = 1 | AUR packages update has completed.
Catchall for general errors | Mon Dec 27 06:13:39 AM CET 2021 | Exit code = 1 | AUR packages update has completed.
Catchall for general errors | Mon Dec 27 06:16:00 AM CET 2021 | Exit code = 1 | AUR packages update has completed.
Success | Mon Dec 27 06:16:40 AM CET 2021 | Exit code = 0 | AUR packages update has completed.
Success | Tue Dec 28 12:00:23 AM CET 2021 | Exit code = 0 | AUR packages update has completed.
Success | Wed Dec 29 06:14:10 AM CET 2021 | Exit code = 0 | AUR packages update has completed.
Catchall for general errors | Thu Dec 30 10:17:19 AM CET 2021 | Exit code = 1 | AUR packages update has completed.
Catchall for general errors | Fri Dec 31 07:10:30 AM CET 2021 | Exit code = 1 | AUR packages update has completed.
