Exit codes:0:1:0 | Error | Sun Dec  5 04:20:51 AM CET 2021 | Github tools has updated.
Exit codes:0:1:0 | Error | Mon Dec  6 07:09:00 AM CET 2021 | Github tools has updated.
Exit codes:0:1:0 | Error | Tue Dec  7 06:53:50 AM CET 2021 | Github tools has updated.
Exit codes:0:1:0 | Error | Wed Dec  8 09:02:41 AM CET 2021 | Github tools has updated.
Exit codes:0:1:0 | Error | Thu Dec  9 05:29:00 AM CET 2021 | Github tools has updated.
Exit codes:0:1:0 | Error | Fri Dec 10 06:36:03 AM CET 2021 | Github tools has updated.
Exit codes:0:1:0 | Error | Sat Dec 11 09:20:49 AM CET 2021 | Github tools has updated.
Exit codes:0:1:0 | Error | Sun Dec 12 04:40:53 AM CET 2021 | Github tools has updated.
Exit codes:0:1:0 | Error | Mon Dec 13 08:00:39 AM CET 2021 | Github tools has updated.
Exit codes:0:1:0 | Error | Tue Dec 14 07:52:39 AM CET 2021 | Github tools has updated.
Exit codes:0:0:0 | Success | Tue Dec 14 08:59:55 AM CET 2021 | Github tools has updated.
Success | Tue Dec 14 02:44:21 PM CET 2021 | Exit codes:0:0:0 | Github tools has updated.
Error   | Tue Dec 14 03:02:45 PM CET 2021 | Exit codes:0:1:0 | Github tools has updated.
Error## | Tue Dec 14 03:03:43 PM CET 2021 | Exit codes:0:1:0 | Github tools has updated.
Error   | Tue Dec 14 03:04:04 PM CET 2021 | Exit codes:0:1:0 | Github tools has updated.
Success | Tue Dec 14 03:05:19 PM CET 2021 | Exit codes:0:0:0 | Github tools has updated.
Error   | Wed Dec 15 06:58:07 AM CET 2021 | Exit codes:0:1:0 | Github tools has updated.
Success | Wed Dec 15 08:18:21 AM CET 2021 | Exit codes:0:0:0 | Github tools has updated.
Error   | Thu Dec 16 08:06:25 AM CET 2021 | Exit codes:0:1:0 | Github tools has updated.
Success | Thu Dec 16 09:19:05 AM CET 2021 | Exit codes:0:0:0 | Github tools has updated.
Error   | Fri Dec 17 06:56:53 AM CET 2021 | Exit codes:0:1:0 | Github tools has updated.
Error   | Fri Dec 17 02:48:55 PM CET 2021 | Exit codes:0:1:0 | Github tools has updated.
Error   | Fri Dec 17 02:49:32 PM CET 2021 | Exit codes:0:1:0 | Github tools has updated.
Success | Fri Dec 17 02:50:48 PM CET 2021 | Exit codes:0:0:0 | Github tools has updated.
Error   | Sat Dec 18 05:22:23 AM CET 2021 | Exit codes:0:1:0 | Github tools has updated.
Error   | Sat Dec 18 05:45:16 AM CET 2021 | Exit codes:0:1:0 | Github tools has updated.
Success | Sat Dec 18 05:49:20 AM CET 2021 | Exit codes:0:0:0 | Github tools has updated.
Success | Sat Dec 18 08:41:23 PM CET 2021 | Exit codes:0:0:0 | Github tools has updated.
Error   | Tue Dec 21 08:21:40 AM CET 2021 | Exit codes:128:128:128 | Github tools has updated.
Error   | Wed Dec 22 05:39:01 AM CET 2021 | Exit codes:128:128:128 | Github tools has updated.
Success | Wed Dec 22 06:00:30 AM CET 2021 | Exit codes:0:0:0 | Github tools has updated.
