github-tools updated: Thu Jun 10 05:57:54 AM CEST 2021
github-tools updated: Thu Jun 10 05:59:05 AM CEST 2021
github-tools updated: Thu Jun 10 05:59:20 AM CEST 2021
github-tools updated: Fri Jun 11 06:24:51 AM CEST 2021
github-tools updated: Sat Jun 12 07:25:52 AM CEST 2021
github-tools updated: Sun Jun 13 12:00:22 AM CEST 2021
github-tools updated: Mon Jun 14 06:08:56 AM CEST 2021
github-tools updated: Tue Jun 15 05:04:28 AM CEST 2021
github-tools updated: Wed Jun 16 06:04:33 AM CEST 2021
github-tools updated: Thu Jun 17 05:29:10 AM CEST 2021
github-tools updated: Fri Jun 18 05:37:23 AM CEST 2021
github-tools updated: Sat Jun 19 12:00:52 AM CEST 2021
github-tools updated: Sun Jun 20 06:38:00 AM CEST 2021
github-tools updated: Mon Jun 21 04:16:46 AM CEST 2021
github-tools updated: Tue Jun 22 05:35:46 AM CEST 2021
github-tools updated: Wed Jun 23 05:37:31 AM CEST 2021
github-tools updated: Thu Jun 24 05:03:18 AM CEST 2021
github-tools updated: Fri Jun 25 06:20:29 AM CEST 2021
github-tools updated: Sat Jun 26 06:18:00 AM CEST 2021
github-tools updated: Sun Jun 27 04:35:04 AM CEST 2021
