github-tools updated: Tue Jun  1 04:05:48 PM CEST 2021
github-tools updated: Thu Jun  3 09:52:23 AM CEST 2021
github-tools updated: Thu Jun  3 10:11:45 AM CEST 2021
github-tools updated: Thu Jun  3 10:36:48 AM CEST 2021
github-tools updated: Thu Jun  3 10:40:58 AM CEST 2021
github-tools updated: Thu Jun  3 02:28:25 PM CEST 2021
github-tools updated: Thu Jun  3 02:48:53 PM CEST 2021
github-tools updated: Thu Jun  3 03:07:02 PM CEST 2021
github-tools updated: Thu Jun  3 06:02:56 PM CEST 2021
github-tools updated: Fri Jun  4 03:52:37 PM CEST 2021
github-tools updated: Sat Jun  5 07:15:57 PM CEST 2021
github-tools updated: Sun Jun  6 07:20:46 AM CEST 2021
github-tools updated: Sun Jun  6 07:30:36 AM CEST 2021
github-tools updated: Sun Jun  6 02:12:14 PM CEST 2021
github-tools updated: Sun Jun  6 02:24:21 PM CEST 2021
github-tools updated: Sun Jun  6 03:02:51 PM CEST 2021
github-tools updated: Sun Jun  6 03:07:08 PM CEST 2021
github-tools updated: Sun Jun  6 05:46:10 PM CEST 2021
github-tools updated: Sun Jun  6 05:49:38 PM CEST 2021
github-tools updated: Sun Jun  6 07:32:57 PM CEST 2021
github-tools updated: Mon Jun  7 07:02:26 AM CEST 2021
github-tools updated: Mon Jun  7 07:50:37 AM CEST 2021
github-tools updated: Mon Jun  7 07:53:20 AM CEST 2021
github-tools updated: Mon Jun  7 10:33:06 AM CEST 2021
github-tools updated: Mon Jun  7 10:41:00 AM CEST 2021
github-tools updated: Mon Jun  7 11:42:16 AM CEST 2021
github-tools updated: Mon Jun  7 01:49:50 PM CEST 2021
github-tools updated: Mon Jun  7 10:36:28 PM CEST 2021
github-tools updated: Mon Jun  7 11:30:57 PM CEST 2021
github-tools updated: Tue Jun  8 01:50:31 PM CEST 2021
github-tools updated: Tue Jun  8 03:48:01 PM CEST 2021
github-tools updated: Wed Jun  9 11:22:23 AM CEST 2021
github-tools updated: Wed Jun  9 11:50:09 AM CEST 2021
